2026-07-10 14:30:01 INFO Application started successfully
2026-07-10 14:30:02 INFO Database connection established
2026-07-10 14:30:03 INFO User login: admin
2026-07-10 14:30:04 ERROR Database connection failed
2026-07-10 14:30:05 INFO Request processed successfully
2026-07-10 14:30:06 CRITICAL Service unreachable
2026-07-10 14:30:07 INFO Health check passed
2026-07-10 14:30:08 ERROR Timeout on request
2026-07-10 14:30:09 ERROR Null pointer exception in module auth
2026-07-10 14:30:10 INFO Cache refreshed
2026-07-10 14:30:11 ERROR Disk I/O error on /dev/sda
2026-07-10 14:30:12 CRITICAL Memory limit exceeded
2026-07-10 14:30:13 INFO Scheduled job started
2026-07-10 14:30:14 ERROR Failed to write to database
2026-07-10 14:30:15 INFO User logout: admin
2026-07-10 14:30:16 ERROR Connection refused on port 5432
2026-07-10 14:30:17 INFO Backup completed
2026-07-10 14:30:18 CRITICAL CPU spike detected
2026-07-10 14:30:19 INFO Request processed successfully
2026-07-10 14:30:20 ERROR Service timeout after 30s2026-07-10 14:27:43 ERROR New error occurred
2026-07-10 14:27:45 INFO Normal log line
2026-07-10 14:27:46 CRITICAL Critical issue found
2026-07-10 14:27:49 ERROR New error occurred
2026-07-10 14:27:51 INFO Normal log line
2026-07-10 14:27:52 CRITICAL Critical issue found
2026-07-10 14:27:55 ERROR New error occurred
2026-07-10 15:19:54 ERROR New error occurred
2026-07-10 15:19:56 INFO Normal log line
2026-07-10 15:19:57 CRITICAL Critical issue found
2026-07-10 15:20:00 ERROR New error occurred
2026-07-10 15:20:02 INFO Normal log line
2026-07-10 15:20:03 CRITICAL Critical issue found
2026-07-10 15:20:06 ERROR New error occurred
2026-07-10 15:20:08 INFO Normal log line
2026-07-10 15:20:09 CRITICAL Critical issue found
2026-07-10 15:20:12 ERROR New error occurred
2026-07-10 15:20:14 INFO Normal log line
2026-07-10 15:20:15 CRITICAL Critical issue found
2026-07-10 15:20:18 ERROR New error occurred
2026-07-10 15:20:20 INFO Normal log line
2026-07-10 15:20:21 CRITICAL Critical issue found
2026-07-10 15:20:24 ERROR New error occurred
2026-07-10 15:20:26 INFO Normal log line
2026-07-10 15:20:27 CRITICAL Critical issue found
2026-07-10 15:46:02 ERROR New error occurred
2026-07-10 15:46:04 INFO Normal log line
2026-07-10 15:46:05 CRITICAL Critical issue found
2026-07-10 15:46:08 ERROR New error occurred
2026-07-10 15:46:10 INFO Normal log line
2026-07-10 15:46:11 CRITICAL Critical issue found
2026-07-10 15:46:14 ERROR New error occurred
2026-07-10 15:46:16 INFO Normal log line
2026-07-10 15:46:17 CRITICAL Critical issue found
2026-07-10 15:46:20 ERROR New error occurred
2026-07-10 15:46:22 INFO Normal log line
2026-07-10 15:46:23 CRITICAL Critical issue found
2026-07-10 15:46:26 ERROR New error occurred
2026-07-10 15:46:28 INFO Normal log line
2026-07-10 15:46:29 CRITICAL Critical issue found
2026-07-10 15:46:32 ERROR New error occurred
2026-07-10 08:40:15 ERROR New error occurred
2026-07-10 08:40:17 INFO Normal log line
2026-07-10 08:40:18 CRITICAL Critical issue found
2026-07-10 08:40:21 ERROR New error occurred
2026-07-10 08:40:23 INFO Normal log line
2026-07-10 08:40:24 CRITICAL Critical issue found
2026-07-10 08:40:27 ERROR New error occurred
2026-07-10 08:40:29 INFO Normal log line
2026-07-10 08:40:30 CRITICAL Critical issue found
2026-07-10 08:40:33 ERROR New error occurred
2026-07-10 08:40:35 INFO Normal log line
2026-07-10 08:40:36 CRITICAL Critical issue found
2026-07-10 08:42:33 ERROR New error occurred
2026-07-10 08:42:35 INFO Normal log line
2026-07-10 08:42:36 CRITICAL Critical issue found
2026-07-10 08:42:39 ERROR New error occurred
2026-07-10 08:42:41 INFO Normal log line
2026-07-10 08:42:42 CRITICAL Critical issue found
2026-07-10 08:42:45 ERROR New error occurred
2026-07-10 08:42:47 INFO Normal log line
2026-07-10 08:42:48 CRITICAL Critical issue found
2026-07-10 08:42:51 ERROR New error occurred
2026-07-10 08:42:53 INFO Normal log line
2026-07-10 08:42:54 CRITICAL Critical issue found
2026-07-10 08:42:57 ERROR New error occurred
2026-07-10 08:43:39 ERROR New error occurred
2026-07-10 08:43:41 INFO Normal log line
2026-07-10 08:43:42 CRITICAL Critical issue found
2026-07-10 08:43:45 ERROR New error occurred
2026-07-10 08:43:47 INFO Normal log line
2026-07-10 08:43:48 CRITICAL Critical issue found
2026-07-10 08:43:51 ERROR New error occurred
2026-07-10 08:43:53 INFO Normal log line
2026-07-10 08:43:54 CRITICAL Critical issue found
2026-07-10 08:43:57 ERROR New error occurred
2026-07-10 08:43:59 INFO Normal log line
2026-07-10 08:44:00 CRITICAL Critical issue found
2026-07-10 08:44:03 ERROR New error occurred
2026-07-10 08:44:05 INFO Normal log line
2026-07-10 08:44:06 CRITICAL Critical issue found
2026-07-10 08:44:09 ERROR New error occurred
2026-07-10 08:44:11 INFO Normal log line
2026-07-10 08:44:12 CRITICAL Critical issue found
2026-07-10 09:58:45 ERROR New error occurred
2026-07-10 09:58:47 INFO Normal log line
2026-07-10 09:58:48 CRITICAL Critical issue found
2026-07-10 09:58:51 ERROR New error occurred
2026-07-10 09:58:53 INFO Normal log line
2026-07-10 09:58:54 CRITICAL Critical issue found
2026-07-10 09:58:57 ERROR New error occurred
2026-07-10 09:58:59 INFO Normal log line
2026-07-10 09:59:00 CRITICAL Critical issue found
2026-07-10 09:59:03 ERROR New error occurred
2026-07-10 09:59:05 INFO Normal log line
2026-07-10 09:59:06 CRITICAL Critical issue found
2026-07-10 09:59:09 ERROR New error occurred
2026-07-10 09:59:11 INFO Normal log line
2026-07-10 09:59:12 CRITICAL Critical issue found
2026-07-10 09:59:15 ERROR New error occurred
2026-07-10 09:59:17 INFO Normal log line
2026-07-10 09:59:18 CRITICAL Critical issue found
2026-07-10 09:59:21 ERROR New error occurred
2026-07-10 09:59:23 INFO Normal log line
2026-07-10 09:59:24 CRITICAL Critical issue found
2026-07-10 09:59:27 ERROR New error occurred
2026-07-10 09:59:29 INFO Normal log line
2026-07-10 09:59:30 CRITICAL Critical issue found
2026-07-10 09:59:33 ERROR New error occurred
2026-07-10 09:59:35 INFO Normal log line
2026-07-10 09:59:36 CRITICAL Critical issue found
2026-07-10 09:59:39 ERROR New error occurred
2026-07-10 09:59:41 INFO Normal log line
2026-07-10 09:59:42 CRITICAL Critical issue found
2026-07-10 09:59:45 ERROR New error occurred
2026-07-10 09:59:47 INFO Normal log line
2026-07-10 09:59:48 CRITICAL Critical issue found
2026-07-10 09:59:51 ERROR New error occurred
2026-07-10 09:59:53 INFO Normal log line
2026-07-10 09:59:54 CRITICAL Critical issue found
2026-07-10 09:59:57 ERROR New error occurred
2026-07-10 09:59:59 INFO Normal log line
2026-07-10 10:00:00 CRITICAL Critical issue found
2026-07-10 10:00:03 ERROR New error occurred
2026-07-10 10:00:05 INFO Normal log line
2026-07-10 10:00:06 CRITICAL Critical issue found
2026-07-10 10:00:09 ERROR New error occurred
2026-07-10 10:00:11 INFO Normal log line
2026-07-10 10:00:12 CRITICAL Critical issue found
2026-07-10 10:00:15 ERROR New error occurred
2026-07-10 10:00:17 INFO Normal log line
2026-07-10 10:00:18 CRITICAL Critical issue found
2026-07-10 10:00:21 ERROR New error occurred
2026-07-10 10:00:23 INFO Normal log line
2026-07-10 10:00:24 CRITICAL Critical issue found
2026-07-10 10:00:27 ERROR New error occurred
2026-07-10 10:00:29 INFO Normal log line
2026-07-10 10:00:30 CRITICAL Critical issue found
2026-07-10 10:00:34 ERROR New error occurred
2026-07-10 10:00:36 INFO Normal log line
2026-07-10 10:00:37 CRITICAL Critical issue found
2026-07-10 10:00:40 ERROR New error occurred
2026-07-10 10:00:42 INFO Normal log line
2026-07-10 10:00:43 CRITICAL Critical issue found
2026-07-10 10:00:46 ERROR New error occurred
2026-07-10 10:00:48 INFO Normal log line
2026-07-10 10:00:49 CRITICAL Critical issue found
2026-07-10 10:00:52 ERROR New error occurred
2026-07-10 10:00:54 INFO Normal log line
2026-07-10 10:00:55 CRITICAL Critical issue found
2026-07-10 10:00:58 ERROR New error occurred
2026-07-10 10:01:00 INFO Normal log line
2026-07-10 10:01:01 CRITICAL Critical issue found
2026-07-10 10:01:04 ERROR New error occurred
2026-07-10 10:01:06 INFO Normal log line
2026-07-10 10:01:07 CRITICAL Critical issue found
2026-07-10 10:01:10 ERROR New error occurred
2026-07-10 10:01:12 INFO Normal log line
2026-07-10 10:01:13 CRITICAL Critical issue found
2026-07-10 10:01:16 ERROR New error occurred
2026-07-10 10:01:18 INFO Normal log line
2026-07-10 10:01:19 CRITICAL Critical issue found
2026-07-10 10:01:22 ERROR New error occurred
2026-07-10 10:01:24 INFO Normal log line
2026-07-10 10:01:25 CRITICAL Critical issue found
2026-07-10 10:01:28 ERROR New error occurred
2026-07-10 10:01:30 INFO Normal log line
2026-07-10 10:01:31 CRITICAL Critical issue found
2026-07-10 10:01:34 ERROR New error occurred
2026-07-10 10:01:36 INFO Normal log line
2026-07-10 10:01:37 CRITICAL Critical issue found
2026-07-10 10:01:40 ERROR New error occurred
2026-07-10 10:01:42 INFO Normal log line
2026-07-10 10:01:43 CRITICAL Critical issue found
2026-07-10 10:01:46 ERROR New error occurred
2026-07-10 10:01:48 INFO Normal log line
2026-07-10 10:01:49 CRITICAL Critical issue found
2026-07-10 10:01:52 ERROR New error occurred
2026-07-10 10:01:54 INFO Normal log line
2026-07-10 10:01:55 CRITICAL Critical issue found
2026-07-10 10:01:58 ERROR New error occurred
2026-07-10 10:02:00 INFO Normal log line
2026-07-10 10:02:01 CRITICAL Critical issue found
2026-07-10 10:02:04 ERROR New error occurred
2026-07-10 10:02:06 INFO Normal log line
2026-07-10 10:02:07 CRITICAL Critical issue found
2026-07-10 10:02:10 ERROR New error occurred
2026-07-10 10:02:12 INFO Normal log line
2026-07-10 10:02:13 CRITICAL Critical issue found
2026-07-10 10:02:16 ERROR New error occurred
2026-07-10 10:02:18 INFO Normal log line
2026-07-10 10:02:19 CRITICAL Critical issue found
2026-07-10 10:02:22 ERROR New error occurred
2026-07-10 10:02:24 INFO Normal log line
2026-07-10 10:02:25 CRITICAL Critical issue found
2026-07-10 10:02:28 ERROR New error occurred
2026-07-10 10:02:30 INFO Normal log line
2026-07-10 10:02:31 CRITICAL Critical issue found
2026-07-10 10:02:34 ERROR New error occurred
2026-07-10 10:02:36 INFO Normal log line
2026-07-10 10:02:37 CRITICAL Critical issue found
2026-07-10 10:02:40 ERROR New error occurred
2026-07-10 10:02:42 INFO Normal log line
2026-07-10 10:02:43 CRITICAL Critical issue found
2026-07-10 10:02:46 ERROR New error occurred
2026-07-10 10:02:48 INFO Normal log line
2026-07-10 10:02:49 CRITICAL Critical issue found
2026-07-10 10:02:52 ERROR New error occurred
2026-07-10 10:02:54 INFO Normal log line
2026-07-10 10:02:55 CRITICAL Critical issue found
2026-07-10 10:02:58 ERROR New error occurred
